<?xml version="1.0" encoding="UTF-8"?>
<!-- Generated by org.testng.reporters.JUnitXMLReporter -->
<testsuite ignored="3" hostname="Romans-MBP" failures="0" tests="21" name="ALLTests" time="31.625" errors="0" timestamp="25 Feb 2021 06:42:32 GMT">
  <testcase classname="pageObjectTests.LoginTestA" name="loginTest_WrongCredentials_redFrameA" time="2.053"/>
  <testcase classname="pageObjectTests.LoginTest" name="loginTest_CorrectCredentials_successfulLogin1" time="5.542"/>
  <testcase classname="pageObjectTests.PlaylistTestA" name="playListTests_createPlayList_playListCreatedA" time="5.661"/>
  <testcase classname="pageObjectTests.PlaylistTest" name="playListTests_createPlayList_playListCreated" time="5.906"/>
  <testcase classname="pageObjectTests.LoginTest" name="loginTest_WrongCredentials_redFrame1" time="1.556"/>
  <testcase classname="pageObjectTests.LoginTestA" name="loginTest_CorrectCredentials_successfulLogin1A" time="5.339"/>
  <testcase classname="pageObjectTests.LoginTestA" name="loginTest_WrongCredentials_redFrame1A" time="1.67"/>
  <testcase classname="pageObjectTests.PlaylistTestA" name="playListTests_renamePlaylist_playListRenamedA" time="4.901"/>
  <testcase classname="pageObjectTests.PlaylistTest" name="playListTests_renamePlaylist_playListRenamed" time="5.255"/>
  <testcase classname="pageObjectTests.LoginTest" name="loginTest_CorrectCredentials_successfulLogin2" time="4.749"/>
  <testcase classname="pageObjectTests.PlaylistTestA" name="playListTests_createPlayList_playListCreated1A" time="3.73"/>
  <testcase classname="pageObjectTests.LoginTest" name="loginTest_WrongCredentials_redFrame2" time="1.618"/>
  <testcase classname="pageObjectTests.LoginTestA" name="loginTest_CorrectCredentials_successfulLogin2A" time="4.245"/>
  <testcase classname="pageObjectTests.PlaylistTest" name="playListTests_createPlayList_playListCreated1" time="4.279"/>
  <testcase classname="pageObjectTests.LoginTestA" name="loginTest_WrongCredentials_redFrame2A" time="1.273"/>
  <testcase classname="pageObjectTests.PlaylistTestA" name="playListTests_renamePlaylist_playListRenamed1A" time="3.844"/>
  <testcase classname="pageObjectTests.PlaylistTest" name="playListTests_renamePlaylist_playListRenamed1" time="3.774"/>
  <testcase classname="pageObjectTests.PlaylistTestA" name="playListTests_createPlayList_playListCreated2A" time="3.566"/>
  <testcase classname="pageObjectTests.PlaylistTest" name="playListTests_createPlayList_playListCreated2" time="3.461"/>
  <testcase classname="pageObjectTests.PlaylistTestA" name="playListTests_renamePlaylist_playListRenamed2A" time="3.4"/>
  <testcase classname="pageObjectTests.PlaylistTest" name="playListTests_renamePlaylist_playListRenamed2" time="3.497"/>
  <testcase classname="pageObjectTests.LoginTest" name="loginTest_CorrectCredentials_successfulLogin" time="0.0">
    <ignored/>
  </testcase> <!-- loginTest_CorrectCredentials_successfulLogin -->
  <testcase classname="pageObjectTests.LoginTest" name="loginTest_WrongCredentials_redFrame" time="0.0">
    <ignored/>
  </testcase> <!-- loginTest_WrongCredentials_redFrame -->
  <testcase classname="pageObjectTests.LoginTestA" name="loginTest_CorrectCredentials_successfulLoginA" time="0.0">
    <ignored/>
  </testcase> <!-- loginTest_CorrectCredentials_successfulLoginA -->
</testsuite> <!-- ALLTests -->
