<?xml version="1.0" encoding="UTF-8"?>
<testsuite xmlns:xsi="http://www.w3.org/2001/XMLSchema-instance" xsi:noNamespaceSchemaLocation="https://maven.apache.org/surefire/maven-surefire-plugin/xsd/surefire-test-report-3.0.xsd" version="3.0" name="TestSuite" time="31.957" tests="21" errors="0" skipped="0" failures="0">
  <properties>
[...]
</properties>
  <testcase name="loginTest_WrongCredentials_redFrameA" classname="pageObjectTests.LoginTestA" time="2.055"/>
  <testcase name="loginTest_CorrectCredentials_successfulLogin1" classname="pageObjectTests.LoginTest" time="1.941"/>
  <testcase name="playListTests_createPlayList_playListCreatedA" classname="pageObjectTests.PlaylistTestA" time="2.056"/>
  <testcase name="playListTests_createPlayList_playListCreated" classname="pageObjectTests.PlaylistTest" time="2.301"/>
  <testcase name="loginTest_WrongCredentials_redFrame1" classname="pageObjectTests.LoginTest" time="1.202"/>
  <testcase name="loginTest_CorrectCredentials_successfulLogin1A" classname="pageObjectTests.LoginTestA" time="0.322"/>
  <testcase name="loginTest_WrongCredentials_redFrame1A" classname="pageObjectTests.LoginTestA" time="1.669"/>
  <testcase name="playListTests_renamePlaylist_playListRenamedA" classname="pageObjectTests.PlaylistTestA" time="1.679"/>
  <testcase name="playListTests_renamePlaylist_playListRenamed" classname="pageObjectTests.PlaylistTest" time="2.348"/>
  <testcase name="loginTest_CorrectCredentials_successfulLogin2" classname="pageObjectTests.LoginTest" time="0.36"/>
  <testcase name="playListTests_createPlayList_playListCreated1A" classname="pageObjectTests.PlaylistTestA" time="1.414"/>
  <testcase name="loginTest_WrongCredentials_redFrame2" classname="pageObjectTests.LoginTest" time="1.618"/>
  <testcase name="loginTest_CorrectCredentials_successfulLogin2A" classname="pageObjectTests.LoginTestA" time="1.899"/>
  <testcase name="playListTests_createPlayList_playListCreated1" classname="pageObjectTests.PlaylistTest" time="0.253"/>
  <testcase name="loginTest_WrongCredentials_redFrame2A" classname="pageObjectTests.LoginTestA" time="0.565"/>
  <testcase name="playListTests_renamePlaylist_playListRenamed1A" classname="pageObjectTests.PlaylistTestA" time="3.017"/>
  <testcase name="playListTests_renamePlaylist_playListRenamed1" classname="pageObjectTests.PlaylistTest" time="0.194"/>
  <testcase name="playListTests_createPlayList_playListCreated2A" classname="pageObjectTests.PlaylistTestA" time="2.917"/>
  <testcase name="playListTests_createPlayList_playListCreated2" classname="pageObjectTests.PlaylistTest" time="3.461"/>
  <testcase name="playListTests_renamePlaylist_playListRenamed2A" classname="pageObjectTests.PlaylistTestA" time="2.985"/>
  <testcase name="playListTests_renamePlaylist_playListRenamed2" classname="pageObjectTests.PlaylistTest" time="3.498"/>
</testsuite>