<?xml version="1.0" encoding="UTF-8"?>
<testng-results ignored="3" total="24" passed="21" failed="0" skipped="0">
  <reporter-output>
  </reporter-output>
  <suite started-at="2021-03-11T03:50:56Z" name="MasterSuite" finished-at="2021-03-11T03:51:27Z" duration-ms="31279">
    <groups>
    </groups>
    <test started-at="2021-03-11T03:50:56Z" name="ALLTests" finished-at="2021-03-11T03:51:27Z" duration-ms="31279">
      <class name="pageObjectTests.PlaylistTest">
        <test-method is-config="true" signature="startUp(java.lang.String, java.lang.String, java.lang.String)[pri:0, instance:pageObjectTests.PlaylistTest@5d11346a]" started-at="2021-03-11T03:50:56Z" name="startUp" finished-at="2021-03-11T03:50:59Z" duration-ms="2748" status="PASS">
          <params>
            <param index="0">
              <value>
                <![CDATA[koeluser06@testpro.io]]>
              </value>
            </param>
            <param index="1">
              <value>
                <![CDATA[te$t$tudent]]>
              </value>
            </param>
            <param index="2">
              <value>
                <![CDATA[wrongPassword]]>
              </value>
            </param>
          </params>
          <reporter-output>
          </reporter-output>
        </test-method> <!-- startUp -->
        <test-method signature="playListTests_createPlayList_playListCreated()[pri:0, instance:pageObjectTests.PlaylistTest@5d11346a]" started-at="2021-03-11T03:50:59Z" name="playListTests_createPlayList_playListCreated" finished-at="2021-03-11T03:51:04Z" duration-ms="5362" status="PASS">
          <reporter-output>
          </reporter-output>
        </test-method> <!-- playListTests_createPlayList_playListCreated -->
        <test-method is-config="true" signature="tearDown(org.testng.ITestResult)[pri:0, instance:pageObjectTests.PlaylistTest@5d11346a]" started-at="2021-03-11T03:51:04Z" name="tearDown" finished-at="2021-03-11T03:51:04Z" duration-ms="97" status="PASS">
          <params>
            <param index="0">
              <value>
                <![CDATA[[TestResult name=playListTests_createPlayList_playListCreated status=SUCCESS method=PlaylistTest.playListTests_createPlayList_playListCreated()[pri:0, instance:pageObjectTests.PlaylistTest@5d11346a] output={null}]]]>
              </value>
            </param>
          </params>
          <reporter-output>
          </reporter-output>
        </test-method> <!-- tearDown -->
        <test-method is-config="true" signature="startUp(java.lang.String, java.lang.String, java.lang.String)[pri:0, instance:pageObjectTests.PlaylistTest@5d11346a]" started-at="2021-03-11T03:51:04Z" name="startUp" finished-at="2021-03-11T03:51:05Z" duration-ms="738" status="PASS">
          <params>
            <param index="0">
              <value>
                <![CDATA[koeluser06@testpro.io]]>
              </value>
            </param>
            <param index="1">
              <value>
                <![CDATA[te$t$tudent]]>
              </value>
            </param>
            <param index="2">
              <value>
                <![CDATA[wrongPassword]]>
              </value>
            </param>
          </params>
          <reporter-output>
          </reporter-output>
        </test-method> <!-- startUp -->
        <test-method signature="playListTests_renamePlaylist_playListRenamed()[pri:0, instance:pageObjectTests.PlaylistTest@5d11346a]" started-at="2021-03-11T03:51:05Z" name="playListTests_renamePlaylist_playListRenamed" finished-at="2021-03-11T03:51:10Z" duration-ms="5322" status="PASS">
          <reporter-output>
          </reporter-output>
        </test-method> <!-- playListTests_renamePlaylist_playListRenamed -->
        <test-method is-config="true" signature="tearDown(org.testng.ITestResult)[pri:0, instance:pageObjectTests.PlaylistTest@5d11346a]" started-at="2021-03-11T03:51:10Z" name="tearDown" finished-at="2021-03-11T03:51:10Z" duration-ms="145" status="PASS">
          <params>
            <param index="0">
              <value>
                <![CDATA[[TestResult name=playListTests_renamePlaylist_playListRenamed status=SUCCESS method=PlaylistTest.playListTests_renamePlaylist_playListRenamed()[pri:0, instance:pageObjectTests.PlaylistTest@5d11346a] output={null}]]]>
              </value>
            </param>
          </params>
          <reporter-output>
          </reporter-output>
        </test-method> <!-- tearDown -->
        <test-method is-config="true" signature="startUp(java.lang.String, java.lang.String, java.lang.String)[pri:0, instance:pageObjectTests.PlaylistTest@5d11346a]" started-at="2021-03-11T03:51:10Z" name="startUp" finished-at="2021-03-11T03:51:11Z" duration-ms="667" status="PASS">
          <params>
            <param index="0">
              <value>
                <![CDATA[koeluser06@testpro.io]]>
              </value>
            </param>
            <param index="1">
              <value>
                <![CDATA[te$t$tudent]]>
              </value>
            </param>
            <param index="2">
              <value>
                <![CDATA[wrongPassword]]>
              </value>
            </param>
          </params>
          <reporter-output>
          </reporter-output>
        </test-method> <!-- startUp -->
        <test-method signature="playListTests_createPlayList_playListCreated1()[pri:0, instance:pageObjectTests.PlaylistTest@5d11346a]" started-at="2021-03-11T03:51:11Z" name="playListTests_createPlayList_playListCreated1" finished-at="2021-03-11T03:51:15Z" duration-ms="4593" status="PASS">
          <reporter-output>
          </reporter-output>
        </test-method> <!-- playListTests_createPlayList_playListCreated1 -->
        <test-method is-config="true" signature="tearDown(org.testng.ITestResult)[pri:0, instance:pageObjectTests.PlaylistTest@5d11346a]" started-at="2021-03-11T03:51:15Z" name="tearDown" finished-at="2021-03-11T03:51:16Z" duration-ms="72" status="PASS">
          <params>
            <param index="0">
              <value>
                <![CDATA[[TestResult name=playListTests_createPlayList_playListCreated1 status=SUCCESS method=PlaylistTest.playListTests_createPlayList_playListCreated1()[pri:0, instance:pageObjectTests.PlaylistTest@5d11346a] output={null}]]]>
              </value>
            </param>
          </params>
          <reporter-output>
          </reporter-output>
        </test-method> <!-- tearDown -->
        <test-method is-config="true" signature="startUp(java.lang.String, java.lang.String, java.lang.String)[pri:0, instance:pageObjectTests.PlaylistTest@5d11346a]" started-at="2021-03-11T03:51:16Z" name="startUp" finished-at="2021-03-11T03:51:16Z" duration-ms="533" status="PASS">
          <params>
            <param index="0">
              <value>
                <![CDATA[koeluser06@testpro.io]]>
              </value>
            </param>
            <param index="1">
              <value>
                <![CDATA[te$t$tudent]]>
              </value>
            </param>
            <param index="2">
              <value>
                <![CDATA[wrongPassword]]>
              </value>
            </param>
          </params>
          <reporter-output>
          </reporter-output>
        </test-method> <!-- startUp -->
        <test-method signature="playListTests_renamePlaylist_playListRenamed1()[pri:0, instance:pageObjectTests.PlaylistTest@5d11346a]" started-at="2021-03-11T03:51:16Z" name="playListTests_renamePlaylist_playListRenamed1" finished-at="2021-03-11T03:51:20Z" duration-ms="3606" status="PASS">
          <reporter-output>
          </reporter-output>
        </test-method> <!-- playListTests_renamePlaylist_playListRenamed1 -->
        <test-method is-config="true" signature="tearDown(org.testng.ITestResult)[pri:0, instance:pageObjectTests.PlaylistTest@5d11346a]" started-at="2021-03-11T03:51:20Z" name="tearDown" finished-at="2021-03-11T03:51:20Z" duration-ms="112" status="PASS">
          <params>
            <param index="0">
              <value>
                <![CDATA[[TestResult name=playListTests_renamePlaylist_playListRenamed1 status=SUCCESS method=PlaylistTest.playListTests_renamePlaylist_playListRenamed1()[pri:0, instance:pageObjectTests.PlaylistTest@5d11346a] output={null}]]]>
              </value>
            </param>
          </params>
          <reporter-output>
          </reporter-output>
        </test-method> <!-- tearDown -->
        <test-method is-config="true" signature="startUp(java.lang.String, java.lang.String, java.lang.String)[pri:0, instance:pageObjectTests.PlaylistTest@5d11346a]" started-at="2021-03-11T03:51:20Z" name="startUp" finished-at="2021-03-11T03:51:20Z" duration-ms="336" status="PASS">
          <params>
            <param index="0">
              <value>
                <![CDATA[koeluser06@testpro.io]]>
              </value>
            </param>
            <param index="1">
              <value>
                <![CDATA[te$t$tudent]]>
              </value>
            </param>
            <param index="2">
              <value>
                <![CDATA[wrongPassword]]>
              </value>
            </param>
          </params>
          <reporter-output>
          </reporter-output>
        </test-method> <!-- startUp -->
        <test-method signature="playListTests_createPlayList_playListCreated2()[pri:0, instance:pageObjectTests.PlaylistTest@5d11346a]" started-at="2021-03-11T03:51:20Z" name="playListTests_createPlayList_playListCreated2" finished-at="2021-03-11T03:51:23Z" duration-ms="3065" status="PASS">
          <reporter-output>
          </reporter-output>
        </test-method> <!-- playListTests_createPlayList_playListCreated2 -->
        <test-method is-config="true" signature="tearDown(org.testng.ITestResult)[pri:0, instance:pageObjectTests.PlaylistTest@5d11346a]" started-at="2021-03-11T03:51:23Z" name="tearDown" finished-at="2021-03-11T03:51:23Z" duration-ms="76" status="PASS">
          <params>
            <param index="0">
              <value>
                <![CDATA[[TestResult name=playListTests_createPlayList_playListCreated2 status=SUCCESS method=PlaylistTest.playListTests_createPlayList_playListCreated2()[pri:0, instance:pageObjectTests.PlaylistTest@5d11346a] output={null}]]]>
              </value>
            </param>
          </params>
          <reporter-output>
          </reporter-output>
        </test-method> <!-- tearDown -->
        <test-method is-config="true" signature="startUp(java.lang.String, java.lang.String, java.lang.String)[pri:0, instance:pageObjectTests.PlaylistTest@5d11346a]" started-at="2021-03-11T03:51:23Z" name="startUp" finished-at="2021-03-11T03:51:24Z" duration-ms="355" status="PASS">
          <params>
            <param index="0">
              <value>
                <![CDATA[koeluser06@testpro.io]]>
              </value>
            </param>
            <param index="1">
              <value>
                <![CDATA[te$t$tudent]]>
              </value>
            </param>
            <param index="2">
              <value>
                <![CDATA[wrongPassword]]>
              </value>
            </param>
          </params>
          <reporter-output>
          </reporter-output>
        </test-method> <!-- startUp -->
        <test-method signature="playListTests_renamePlaylist_playListRenamed2()[pri:0, instance:pageObjectTests.PlaylistTest@5d11346a]" started-at="2021-03-11T03:51:24Z" name="playListTests_renamePlaylist_playListRenamed2" finished-at="2021-03-11T03:51:27Z" duration-ms="3356" status="PASS">
          <reporter-output>
          </reporter-output>
        </test-method> <!-- playListTests_renamePlaylist_playListRenamed2 -->
        <test-method is-config="true" signature="tearDown(org.testng.ITestResult)[pri:0, instance:pageObjectTests.PlaylistTest@5d11346a]" started-at="2021-03-11T03:51:27Z" name="tearDown" finished-at="2021-03-11T03:51:27Z" duration-ms="72" status="PASS">
          <params>
            <param index="0">
              <value>
                <![CDATA[[TestResult name=playListTests_renamePlaylist_playListRenamed2 status=SUCCESS method=PlaylistTest.playListTests_renamePlaylist_playListRenamed2()[pri:0, instance:pageObjectTests.PlaylistTest@5d11346a] output={null}]]]>
              </value>
            </param>
          </params>
          <reporter-output>
          </reporter-output>
        </test-method> <!-- tearDown -->
      </class> <!-- pageObjectTests.PlaylistTest -->
      <class name="pageObjectTests.LoginTestA">
        <test-method is-config="true" signature="startUp(java.lang.String, java.lang.String, java.lang.String)[pri:0, instance:pageObjectTests.LoginTestA@2fd66ad3]" started-at="2021-03-11T03:50:56Z" name="startUp" finished-at="2021-03-11T03:50:59Z" duration-ms="2748" status="PASS">
          <params>
            <param index="0">
              <value>
                <![CDATA[koeluser06@testpro.io]]>
              </value>
            </param>
            <param index="1">
              <value>
                <![CDATA[te$t$tudent]]>
              </value>
            </param>
            <param index="2">
              <value>
                <![CDATA[wrongPassword]]>
              </value>
            </param>
          </params>
          <reporter-output>
          </reporter-output>
        </test-method> <!-- startUp -->
        <test-method signature="loginTest_WrongCredentials_redFrameA()[pri:0, instance:pageObjectTests.LoginTestA@2fd66ad3]" started-at="2021-03-11T03:50:59Z" name="loginTest_WrongCredentials_redFrameA" finished-at="2021-03-11T03:51:01Z" duration-ms="2322" status="PASS">
          <reporter-output>
          </reporter-output>
        </test-method> <!-- loginTest_WrongCredentials_redFrameA -->
        <test-method is-config="true" signature="tearDown(org.testng.ITestResult)[pri:0, instance:pageObjectTests.LoginTestA@2fd66ad3]" started-at="2021-03-11T03:51:01Z" name="tearDown" finished-at="2021-03-11T03:51:01Z" duration-ms="59" status="PASS">
          <params>
            <param index="0">
              <value>
                <![CDATA[[TestResult name=loginTest_WrongCredentials_redFrameA status=SUCCESS method=LoginTestA.loginTest_WrongCredentials_redFrameA()[pri:0, instance:pageObjectTests.LoginTestA@2fd66ad3] output={null}]]]>
              </value>
            </param>
          </params>
          <reporter-output>
          </reporter-output>
        </test-method> <!-- tearDown -->
        <test-method is-config="true" signature="startUp(java.lang.String, java.lang.String, java.lang.String)[pri:0, instance:pageObjectTests.LoginTestA@2fd66ad3]" started-at="2021-03-11T03:51:01Z" name="startUp" finished-at="2021-03-11T03:51:03Z" duration-ms="1989" status="PASS">
          <params>
            <param index="0">
              <value>
                <![CDATA[koeluser06@testpro.io]]>
              </value>
            </param>
            <param index="1">
              <value>
                <![CDATA[te$t$tudent]]>
              </value>
            </param>
            <param index="2">
              <value>
                <![CDATA[wrongPassword]]>
              </value>
            </param>
          </params>
          <reporter-output>
          </reporter-output>
        </test-method> <!-- startUp -->
        <test-method signature="loginTest_CorrectCredentials_successfulLogin1A()[pri:0, instance:pageObjectTests.LoginTestA@2fd66ad3]" started-at="2021-03-11T03:51:03Z" name="loginTest_CorrectCredentials_successfulLogin1A" finished-at="2021-03-11T03:51:07Z" duration-ms="4274" status="PASS">
          <reporter-output>
          </reporter-output>
        </test-method> <!-- loginTest_CorrectCredentials_successfulLogin1A -->
        <test-method is-config="true" signature="tearDown(org.testng.ITestResult)[pri:0, instance:pageObjectTests.LoginTestA@2fd66ad3]" started-at="2021-03-11T03:51:07Z" name="tearDown" finished-at="2021-03-11T03:51:07Z" duration-ms="104" status="PASS">
          <params>
            <param index="0">
              <value>
                <![CDATA[[TestResult name=loginTest_CorrectCredentials_successfulLogin1A status=SUCCESS method=LoginTestA.loginTest_CorrectCredentials_successfulLogin1A()[pri:0, instance:pageObjectTests.LoginTestA@2fd66ad3] output={null}]]]>
              </value>
            </param>
          </params>
          <reporter-output>
          </reporter-output>
        </test-method> <!-- tearDown -->
        <test-method is-config="true" signature="startUp(java.lang.String, java.lang.String, java.lang.String)[pri:0, instance:pageObjectTests.LoginTestA@2fd66ad3]" started-at="2021-03-11T03:51:07Z" name="startUp" finished-at="2021-03-11T03:51:08Z" duration-ms="600" status="PASS">
          <params>
            <param index="0">
              <value>
                <![CDATA[koeluser06@testpro.io]]>
              </value>
            </param>
            <param index="1">
              <value>
                <![CDATA[te$t$tudent]]>
              </value>
            </param>
            <param index="2">
              <value>
                <![CDATA[wrongPassword]]>
              </value>
            </param>
          </params>
          <reporter-output>
          </reporter-output>
        </test-method> <!-- startUp -->
        <test-method signature="loginTest_WrongCredentials_redFrame1A()[pri:0, instance:pageObjectTests.LoginTestA@2fd66ad3]" started-at="2021-03-11T03:51:08Z" name="loginTest_WrongCredentials_redFrame1A" finished-at="2021-03-11T03:51:10Z" duration-ms="1730" status="PASS">
          <reporter-output>
          </reporter-output>
        </test-method> <!-- loginTest_WrongCredentials_redFrame1A -->
        <test-method is-config="true" signature="tearDown(org.testng.ITestResult)[pri:0, instance:pageObjectTests.LoginTestA@2fd66ad3]" started-at="2021-03-11T03:51:10Z" name="tearDown" finished-at="2021-03-11T03:51:10Z" duration-ms="61" status="PASS">
          <params>
            <param index="0">
              <value>
                <![CDATA[[TestResult name=loginTest_WrongCredentials_redFrame1A status=SUCCESS method=LoginTestA.loginTest_WrongCredentials_redFrame1A()[pri:0, instance:pageObjectTests.LoginTestA@2fd66ad3] output={null}]]]>
              </value>
            </param>
          </params>
          <reporter-output>
          </reporter-output>
        </test-method> <!-- tearDown -->
        <test-method is-config="true" signature="startUp(java.lang.String, java.lang.String, java.lang.String)[pri:0, instance:pageObjectTests.LoginTestA@2fd66ad3]" started-at="2021-03-11T03:51:10Z" name="startUp" finished-at="2021-03-11T03:51:11Z" duration-ms="1272" status="PASS">
          <params>
            <param index="0">
              <value>
                <![CDATA[koeluser06@testpro.io]]>
              </value>
            </param>
            <param index="1">
              <value>
                <![CDATA[te$t$tudent]]>
              </value>
            </param>
            <param index="2">
              <value>
                <![CDATA[wrongPassword]]>
              </value>
            </param>
          </params>
          <reporter-output>
          </reporter-output>
        </test-method> <!-- startUp -->
        <test-method signature="loginTest_CorrectCredentials_successfulLogin2A()[pri:0, instance:pageObjectTests.LoginTestA@2fd66ad3]" started-at="2021-03-11T03:51:11Z" name="loginTest_CorrectCredentials_successfulLogin2A" finished-at="2021-03-11T03:51:15Z" duration-ms="4174" status="PASS">
          <reporter-output>
          </reporter-output>
        </test-method> <!-- loginTest_CorrectCredentials_successfulLogin2A -->
        <test-method is-config="true" signature="tearDown(org.testng.ITestResult)[pri:0, instance:pageObjectTests.LoginTestA@2fd66ad3]" started-at="2021-03-11T03:51:15Z" name="tearDown" finished-at="2021-03-11T03:51:15Z" duration-ms="88" status="PASS">
          <params>
            <param index="0">
              <value>
                <![CDATA[[TestResult name=loginTest_CorrectCredentials_successfulLogin2A status=SUCCESS method=LoginTestA.loginTest_CorrectCredentials_successfulLogin2A()[pri:0, instance:pageObjectTests.LoginTestA@2fd66ad3] output={null}]]]>
              </value>
            </param>
          </params>
          <reporter-output>
          </reporter-output>
        </test-method> <!-- tearDown -->
        <test-method is-config="true" signature="startUp(java.lang.String, java.lang.String, java.lang.String)[pri:0, instance:pageObjectTests.LoginTestA@2fd66ad3]" started-at="2021-03-11T03:51:15Z" name="startUp" finished-at="2021-03-11T03:51:16Z" duration-ms="670" status="PASS">
          <params>
            <param index="0">
              <value>
                <![CDATA[koeluser06@testpro.io]]>
              </value>
            </param>
            <param index="1">
              <value>
                <![CDATA[te$t$tudent]]>
              </value>
            </param>
            <param index="2">
              <value>
                <![CDATA[wrongPassword]]>
              </value>
            </param>
          </params>
          <reporter-output>
          </reporter-output>
        </test-method> <!-- startUp -->
        <test-method signature="loginTest_WrongCredentials_redFrame2A()[pri:0, instance:pageObjectTests.LoginTestA@2fd66ad3]" started-at="2021-03-11T03:51:16Z" name="loginTest_WrongCredentials_redFrame2A" finished-at="2021-03-11T03:51:17Z" duration-ms="1530" status="PASS">
          <reporter-output>
          </reporter-output>
        </test-method> <!-- loginTest_WrongCredentials_redFrame2A -->
        <test-method is-config="true" signature="tearDown(org.testng.ITestResult)[pri:0, instance:pageObjectTests.LoginTestA@2fd66ad3]" started-at="2021-03-11T03:51:17Z" name="tearDown" finished-at="2021-03-11T03:51:17Z" duration-ms="58" status="PASS">
          <params>
            <param index="0">
              <value>
                <![CDATA[[TestResult name=loginTest_WrongCredentials_redFrame2A status=SUCCESS method=LoginTestA.loginTest_WrongCredentials_redFrame2A()[pri:0, instance:pageObjectTests.LoginTestA@2fd66ad3] output={null}]]]>
              </value>
            </param>
          </params>
          <reporter-output>
          </reporter-output>
        </test-method> <!-- tearDown -->
      </class> <!-- pageObjectTests.LoginTestA -->
      <class name="pageObjectTests.PlaylistTestA">
        <test-method is-config="true" signature="startUp(java.lang.String, java.lang.String, java.lang.String)[pri:0, instance:pageObjectTests.PlaylistTestA@7a36aefa]" started-at="2021-03-11T03:50:56Z" name="startUp" finished-at="2021-03-11T03:50:59Z" duration-ms="2748" status="PASS">
          <params>
            <param index="0">
              <value>
                <![CDATA[koeluser06@testpro.io]]>
              </value>
            </param>
            <param index="1">
              <value>
                <![CDATA[te$t$tudent]]>
              </value>
            </param>
            <param index="2">
              <value>
                <![CDATA[wrongPassword]]>
              </value>
            </param>
          </params>
          <reporter-output>
          </reporter-output>
        </test-method> <!-- startUp -->
        <test-method signature="playListTests_createPlayList_playListCreatedA()[pri:0, instance:pageObjectTests.PlaylistTestA@7a36aefa]" started-at="2021-03-11T03:50:59Z" name="playListTests_createPlayList_playListCreatedA" finished-at="2021-03-11T03:51:04Z" duration-ms="5382" status="PASS">
          <reporter-output>
          </reporter-output>
        </test-method> <!-- playListTests_createPlayList_playListCreatedA -->
        <test-method is-config="true" signature="tearDown(org.testng.ITestResult)[pri:0, instance:pageObjectTests.PlaylistTestA@7a36aefa]" started-at="2021-03-11T03:51:04Z" name="tearDown" finished-at="2021-03-11T03:51:04Z" duration-ms="147" status="PASS">
          <params>
            <param index="0">
              <value>
                <![CDATA[[TestResult name=playListTests_createPlayList_playListCreatedA status=SUCCESS method=PlaylistTestA.playListTests_createPlayList_playListCreatedA()[pri:0, instance:pageObjectTests.PlaylistTestA@7a36aefa] output={null}]]]>
              </value>
            </param>
          </params>
          <reporter-output>
          </reporter-output>
        </test-method> <!-- tearDown -->
        <test-method is-config="true" signature="startUp(java.lang.String, java.lang.String, java.lang.String)[pri:0, instance:pageObjectTests.PlaylistTestA@7a36aefa]" started-at="2021-03-11T03:51:04Z" name="startUp" finished-at="2021-03-11T03:51:05Z" duration-ms="685" status="PASS">
          <params>
            <param index="0">
              <value>
                <![CDATA[koeluser06@testpro.io]]>
              </value>
            </param>
            <param index="1">
              <value>
                <![CDATA[te$t$tudent]]>
              </value>
            </param>
            <param index="2">
              <value>
                <![CDATA[wrongPassword]]>
              </value>
            </param>
          </params>
          <reporter-output>
          </reporter-output>
        </test-method> <!-- startUp -->
        <test-method signature="playListTests_renamePlaylist_playListRenamedA()[pri:0, instance:pageObjectTests.PlaylistTestA@7a36aefa]" started-at="2021-03-11T03:51:05Z" name="playListTests_renamePlaylist_playListRenamedA" finished-at="2021-03-11T03:51:10Z" duration-ms="4955" status="PASS">
          <reporter-output>
          </reporter-output>
        </test-method> <!-- playListTests_renamePlaylist_playListRenamedA -->
        <test-method is-config="true" signature="tearDown(org.testng.ITestResult)[pri:0, instance:pageObjectTests.PlaylistTestA@7a36aefa]" started-at="2021-03-11T03:51:10Z" name="tearDown" finished-at="2021-03-11T03:51:10Z" duration-ms="110" status="PASS">
          <params>
            <param index="0">
              <value>
                <![CDATA[[TestResult name=playListTests_renamePlaylist_playListRenamedA status=SUCCESS method=PlaylistTestA.playListTests_renamePlaylist_playListRenamedA()[pri:0, instance:pageObjectTests.PlaylistTestA@7a36aefa] output={null}]]]>
              </value>
            </param>
          </params>
          <reporter-output>
          </reporter-output>
        </test-method> <!-- tearDown -->
        <test-method is-config="true" signature="startUp(java.lang.String, java.lang.String, java.lang.String)[pri:0, instance:pageObjectTests.PlaylistTestA@7a36aefa]" started-at="2021-03-11T03:51:10Z" name="startUp" finished-at="2021-03-11T03:51:11Z" duration-ms="1192" status="PASS">
          <params>
            <param index="0">
              <value>
                <![CDATA[koeluser06@testpro.io]]>
              </value>
            </param>
            <param index="1">
              <value>
                <![CDATA[te$t$tudent]]>
              </value>
            </param>
            <param index="2">
              <value>
                <![CDATA[wrongPassword]]>
              </value>
            </param>
          </params>
          <reporter-output>
          </reporter-output>
        </test-method> <!-- startUp -->
        <test-method signature="playListTests_createPlayList_playListCreated1A()[pri:0, instance:pageObjectTests.PlaylistTestA@7a36aefa]" started-at="2021-03-11T03:51:11Z" name="playListTests_createPlayList_playListCreated1A" finished-at="2021-03-11T03:51:15Z" duration-ms="4388" status="PASS">
          <reporter-output>
          </reporter-output>
        </test-method> <!-- playListTests_createPlayList_playListCreated1A -->
        <test-method is-config="true" signature="tearDown(org.testng.ITestResult)[pri:0, instance:pageObjectTests.PlaylistTestA@7a36aefa]" started-at="2021-03-11T03:51:15Z" name="tearDown" finished-at="2021-03-11T03:51:15Z" duration-ms="76" status="PASS">
          <params>
            <param index="0">
              <value>
                <![CDATA[[TestResult name=playListTests_createPlayList_playListCreated1A status=SUCCESS method=PlaylistTestA.playListTests_createPlayList_playListCreated1A()[pri:0, instance:pageObjectTests.PlaylistTestA@7a36aefa] output={null}]]]>
              </value>
            </param>
          </params>
          <reporter-output>
          </reporter-output>
        </test-method> <!-- tearDown -->
        <test-method is-config="true" signature="startUp(java.lang.String, java.lang.String, java.lang.String)[pri:0, instance:pageObjectTests.PlaylistTestA@7a36aefa]" started-at="2021-03-11T03:51:15Z" name="startUp" finished-at="2021-03-11T03:51:16Z" duration-ms="472" status="PASS">
          <params>
            <param index="0">
              <value>
                <![CDATA[koeluser06@testpro.io]]>
              </value>
            </param>
            <param index="1">
              <value>
                <![CDATA[te$t$tudent]]>
              </value>
            </param>
            <param index="2">
              <value>
                <![CDATA[wrongPassword]]>
              </value>
            </param>
          </params>
          <reporter-output>
          </reporter-output>
        </test-method> <!-- startUp -->
        <test-method signature="playListTests_renamePlaylist_playListRenamed1A()[pri:0, instance:pageObjectTests.PlaylistTestA@7a36aefa]" started-at="2021-03-11T03:51:16Z" name="playListTests_renamePlaylist_playListRenamed1A" finished-at="2021-03-11T03:51:20Z" duration-ms="3768" status="PASS">
          <reporter-output>
          </reporter-output>
        </test-method> <!-- playListTests_renamePlaylist_playListRenamed1A -->
        <test-method is-config="true" signature="tearDown(org.testng.ITestResult)[pri:0, instance:pageObjectTests.PlaylistTestA@7a36aefa]" started-at="2021-03-11T03:51:20Z" name="tearDown" finished-at="2021-03-11T03:51:20Z" duration-ms="107" status="PASS">
          <params>
            <param index="0">
              <value>
                <![CDATA[[TestResult name=playListTests_renamePlaylist_playListRenamed1A status=SUCCESS method=PlaylistTestA.playListTests_renamePlaylist_playListRenamed1A()[pri:0, instance:pageObjectTests.PlaylistTestA@7a36aefa] output={null}]]]>
              </value>
            </param>
          </params>
          <reporter-output>
          </reporter-output>
        </test-method> <!-- tearDown -->
        <test-method is-config="true" signature="startUp(java.lang.String, java.lang.String, java.lang.String)[pri:0, instance:pageObjectTests.PlaylistTestA@7a36aefa]" started-at="2021-03-11T03:51:20Z" name="startUp" finished-at="2021-03-11T03:51:20Z" duration-ms="320" status="PASS">
          <params>
            <param index="0">
              <value>
                <![CDATA[koeluser06@testpro.io]]>
              </value>
            </param>
            <param index="1">
              <value>
                <![CDATA[te$t$tudent]]>
              </value>
            </param>
            <param index="2">
              <value>
                <![CDATA[wrongPassword]]>
              </value>
            </param>
          </params>
          <reporter-output>
          </reporter-output>
        </test-method> <!-- startUp -->
        <test-method signature="playListTests_createPlayList_playListCreated2A()[pri:0, instance:pageObjectTests.PlaylistTestA@7a36aefa]" started-at="2021-03-11T03:51:20Z" name="playListTests_createPlayList_playListCreated2A" finished-at="2021-03-11T03:51:23Z" duration-ms="2899" status="PASS">
          <reporter-output>
          </reporter-output>
        </test-method> <!-- playListTests_createPlayList_playListCreated2A -->
        <test-method is-config="true" signature="tearDown(org.testng.ITestResult)[pri:0, instance:pageObjectTests.PlaylistTestA@7a36aefa]" started-at="2021-03-11T03:51:23Z" name="tearDown" finished-at="2021-03-11T03:51:23Z" duration-ms="77" status="PASS">
          <params>
            <param index="0">
              <value>
                <![CDATA[[TestResult name=playListTests_createPlayList_playListCreated2A status=SUCCESS method=PlaylistTestA.playListTests_createPlayList_playListCreated2A()[pri:0, instance:pageObjectTests.PlaylistTestA@7a36aefa] output={null}]]]>
              </value>
            </param>
          </params>
          <reporter-output>
          </reporter-output>
        </test-method> <!-- tearDown -->
        <test-method is-config="true" signature="startUp(java.lang.String, java.lang.String, java.lang.String)[pri:0, instance:pageObjectTests.PlaylistTestA@7a36aefa]" started-at="2021-03-11T03:51:23Z" name="startUp" finished-at="2021-03-11T03:51:23Z" duration-ms="326" status="PASS">
          <params>
            <param index="0">
              <value>
                <![CDATA[koeluser06@testpro.io]]>
              </value>
            </param>
            <param index="1">
              <value>
                <![CDATA[te$t$tudent]]>
              </value>
            </param>
            <param index="2">
              <value>
                <![CDATA[wrongPassword]]>
              </value>
            </param>
          </params>
          <reporter-output>
          </reporter-output>
        </test-method> <!-- startUp -->
        <test-method signature="playListTests_renamePlaylist_playListRenamed2A()[pri:0, instance:pageObjectTests.PlaylistTestA@7a36aefa]" started-at="2021-03-11T03:51:23Z" name="playListTests_renamePlaylist_playListRenamed2A" finished-at="2021-03-11T03:51:27Z" duration-ms="3422" status="PASS">
          <reporter-output>
          </reporter-output>
        </test-method> <!-- playListTests_renamePlaylist_playListRenamed2A -->
        <test-method is-config="true" signature="tearDown(org.testng.ITestResult)[pri:0, instance:pageObjectTests.PlaylistTestA@7a36aefa]" started-at="2021-03-11T03:51:27Z" name="tearDown" finished-at="2021-03-11T03:51:27Z" duration-ms="89" status="PASS">
          <params>
            <param index="0">
              <value>
                <![CDATA[[TestResult name=playListTests_renamePlaylist_playListRenamed2A status=SUCCESS method=PlaylistTestA.playListTests_renamePlaylist_playListRenamed2A()[pri:0, instance:pageObjectTests.PlaylistTestA@7a36aefa] output={null}]]]>
              </value>
            </param>
          </params>
          <reporter-output>
          </reporter-output>
        </test-method> <!-- tearDown -->
      </class> <!-- pageObjectTests.PlaylistTestA -->
      <class name="pageObjectTests.LoginTest">
        <test-method is-config="true" signature="startUp(java.lang.String, java.lang.String, java.lang.String)[pri:0, instance:pageObjectTests.LoginTest@376b4233]" started-at="2021-03-11T03:50:56Z" name="startUp" finished-at="2021-03-11T03:50:59Z" duration-ms="2748" status="PASS">
          <params>
            <param index="0">
              <value>
                <![CDATA[koeluser06@testpro.io]]>
              </value>
            </param>
            <param index="1">
              <value>
                <![CDATA[te$t$tudent]]>
              </value>
            </param>
            <param index="2">
              <value>
                <![CDATA[wrongPassword]]>
              </value>
            </param>
          </params>
          <reporter-output>
          </reporter-output>
        </test-method> <!-- startUp -->
        <test-method signature="loginTest_CorrectCredentials_successfulLogin1()[pri:0, instance:pageObjectTests.LoginTest@376b4233]" started-at="2021-03-11T03:50:59Z" name="loginTest_CorrectCredentials_successfulLogin1" finished-at="2021-03-11T03:51:04Z" duration-ms="5244" status="PASS">
          <reporter-output>
          </reporter-output>
        </test-method> <!-- loginTest_CorrectCredentials_successfulLogin1 -->
        <test-method is-config="true" signature="tearDown(org.testng.ITestResult)[pri:0, instance:pageObjectTests.LoginTest@376b4233]" started-at="2021-03-11T03:51:04Z" name="tearDown" finished-at="2021-03-11T03:51:04Z" duration-ms="68" status="PASS">
          <params>
            <param index="0">
              <value>
                <![CDATA[[TestResult name=loginTest_CorrectCredentials_successfulLogin1 status=SUCCESS method=LoginTest.loginTest_CorrectCredentials_successfulLogin1()[pri:0, instance:pageObjectTests.LoginTest@376b4233] output={null}]]]>
              </value>
            </param>
          </params>
          <reporter-output>
          </reporter-output>
        </test-method> <!-- tearDown -->
        <test-method is-config="true" signature="startUp(java.lang.String, java.lang.String, java.lang.String)[pri:0, instance:pageObjectTests.LoginTest@376b4233]" started-at="2021-03-11T03:51:04Z" name="startUp" finished-at="2021-03-11T03:51:04Z" duration-ms="597" status="PASS">
          <params>
            <param index="0">
              <value>
                <![CDATA[koeluser06@testpro.io]]>
              </value>
            </param>
            <param index="1">
              <value>
                <![CDATA[te$t$tudent]]>
              </value>
            </param>
            <param index="2">
              <value>
                <![CDATA[wrongPassword]]>
              </value>
            </param>
          </params>
          <reporter-output>
          </reporter-output>
        </test-method> <!-- startUp -->
        <test-method signature="loginTest_WrongCredentials_redFrame1()[pri:0, instance:pageObjectTests.LoginTest@376b4233]" started-at="2021-03-11T03:51:04Z" name="loginTest_WrongCredentials_redFrame1" finished-at="2021-03-11T03:51:06Z" duration-ms="1495" status="PASS">
          <reporter-output>
          </reporter-output>
        </test-method> <!-- loginTest_WrongCredentials_redFrame1 -->
        <test-method is-config="true" signature="tearDown(org.testng.ITestResult)[pri:0, instance:pageObjectTests.LoginTest@376b4233]" started-at="2021-03-11T03:51:06Z" name="tearDown" finished-at="2021-03-11T03:51:06Z" duration-ms="60" status="PASS">
          <params>
            <param index="0">
              <value>
                <![CDATA[[TestResult name=loginTest_WrongCredentials_redFrame1 status=SUCCESS method=LoginTest.loginTest_WrongCredentials_redFrame1()[pri:0, instance:pageObjectTests.LoginTest@376b4233] output={null}]]]>
              </value>
            </param>
          </params>
          <reporter-output>
          </reporter-output>
        </test-method> <!-- tearDown -->
        <test-method is-config="true" signature="startUp(java.lang.String, java.lang.String, java.lang.String)[pri:0, instance:pageObjectTests.LoginTest@376b4233]" started-at="2021-03-11T03:51:06Z" name="startUp" finished-at="2021-03-11T03:51:07Z" duration-ms="1141" status="PASS">
          <params>
            <param index="0">
              <value>
                <![CDATA[koeluser06@testpro.io]]>
              </value>
            </param>
            <param index="1">
              <value>
                <![CDATA[te$t$tudent]]>
              </value>
            </param>
            <param index="2">
              <value>
                <![CDATA[wrongPassword]]>
              </value>
            </param>
          </params>
          <reporter-output>
          </reporter-output>
        </test-method> <!-- startUp -->
        <test-method signature="loginTest_CorrectCredentials_successfulLogin2()[pri:0, instance:pageObjectTests.LoginTest@376b4233]" started-at="2021-03-11T03:51:07Z" name="loginTest_CorrectCredentials_successfulLogin2" finished-at="2021-03-11T03:51:12Z" duration-ms="4959" status="PASS">
          <reporter-output>
          </reporter-output>
        </test-method> <!-- loginTest_CorrectCredentials_successfulLogin2 -->
        <test-method is-config="true" signature="tearDown(org.testng.ITestResult)[pri:0, instance:pageObjectTests.LoginTest@376b4233]" started-at="2021-03-11T03:51:12Z" name="tearDown" finished-at="2021-03-11T03:51:12Z" duration-ms="72" status="PASS">
          <params>
            <param index="0">
              <value>
                <![CDATA[[TestResult name=loginTest_CorrectCredentials_successfulLogin2 status=SUCCESS method=LoginTest.loginTest_CorrectCredentials_successfulLogin2()[pri:0, instance:pageObjectTests.LoginTest@376b4233] output={null}]]]>
              </value>
            </param>
          </params>
          <reporter-output>
          </reporter-output>
        </test-method> <!-- tearDown -->
        <test-method is-config="true" signature="startUp(java.lang.String, java.lang.String, java.lang.String)[pri:0, instance:pageObjectTests.LoginTest@376b4233]" started-at="2021-03-11T03:51:12Z" name="startUp" finished-at="2021-03-11T03:51:13Z" duration-ms="387" status="PASS">
          <params>
            <param index="0">
              <value>
                <![CDATA[koeluser06@testpro.io]]>
              </value>
            </param>
            <param index="1">
              <value>
                <![CDATA[te$t$tudent]]>
              </value>
            </param>
            <param index="2">
              <value>
                <![CDATA[wrongPassword]]>
              </value>
            </param>
          </params>
          <reporter-output>
          </reporter-output>
        </test-method> <!-- startUp -->
        <test-method signature="loginTest_WrongCredentials_redFrame2()[pri:0, instance:pageObjectTests.LoginTest@376b4233]" started-at="2021-03-11T03:51:13Z" name="loginTest_WrongCredentials_redFrame2" finished-at="2021-03-11T03:51:14Z" duration-ms="1584" status="PASS">
          <reporter-output>
          </reporter-output>
        </test-method> <!-- loginTest_WrongCredentials_redFrame2 -->
        <test-method is-config="true" signature="tearDown(org.testng.ITestResult)[pri:0, instance:pageObjectTests.LoginTest@376b4233]" started-at="2021-03-11T03:51:14Z" name="tearDown" finished-at="2021-03-11T03:51:14Z" duration-ms="61" status="PASS">
          <params>
            <param index="0">
              <value>
                <![CDATA[[TestResult name=loginTest_WrongCredentials_redFrame2 status=SUCCESS method=LoginTest.loginTest_WrongCredentials_redFrame2()[pri:0, instance:pageObjectTests.LoginTest@376b4233] output={null}]]]>
              </value>
            </param>
          </params>
          <reporter-output>
          </reporter-output>
        </test-method> <!-- tearDown -->
      </class> <!-- pageObjectTests.LoginTest -->
    </test> <!-- ALLTests -->
  </suite> <!-- MasterSuite -->
</testng-results>
