<?xml version="1.0" encoding="UTF-8"?>
<!-- Generated by org.testng.reporters.JUnitXMLReporter -->
<testsuite hostname="Romans-MBP" failures="0" tests="21" name="ALLTests" time="45.881" errors="0" timestamp="24 Feb 2021 05:30:04 GMT">
  <testcase classname="pageObjectTests.LoginTestA" name="loginTest_WrongCredentials_redFrameA" time="2.264"/>
  <testcase classname="pageObjectTests.PlaylistTestA" name="playListTests_createPlayList_playListCreatedA" time="5.082"/>
  <testcase classname="pageObjectTests.LoginTest" name="loginTest_CorrectCredentials_successfulLogin1" time="5.086"/>
  <testcase classname="pageObjectTests.PlaylistTest" name="playListTests_createPlayList_playListCreated" time="5.153"/>
  <testcase classname="pageObjectTests.LoginTestA" name="loginTest_CorrectCredentials_successfulLogin1A" time="3.028"/>
  <testcase classname="pageObjectTests.LoginTest" name="loginTest_WrongCredentials_redFrame1" time="1.208"/>
  <testcase classname="pageObjectTests.PlaylistTest" name="playListTests_renamePlaylist_playListRenamed" time="3.528"/>
  <testcase classname="pageObjectTests.PlaylistTestA" name="playListTests_renamePlaylist_playListRenamedA" time="3.532"/>
  <testcase classname="pageObjectTests.LoginTestA" name="loginTest_WrongCredentials_redFrame1A" time="1.119"/>
  <testcase classname="pageObjectTests.LoginTest" name="loginTest_CorrectCredentials_successfulLogin2" time="2.722"/>
  <testcase classname="pageObjectTests.PlaylistTest" name="playListTests_createPlayList_playListCreated1" time="3.307"/>
  <testcase classname="pageObjectTests.PlaylistTestA" name="playListTests_createPlayList_playListCreated1A" time="3.389"/>
  <testcase classname="pageObjectTests.LoginTestA" name="loginTest_CorrectCredentials_successfulLogin2A" time="3.545"/>
  <testcase classname="pageObjectTests.LoginTest" name="loginTest_WrongCredentials_redFrame2" time="1.303"/>
  <testcase classname="pageObjectTests.LoginTestA" name="loginTest_WrongCredentials_redFrame2A" time="1.277"/>
  <testcase classname="pageObjectTests.PlaylistTest" name="playListTests_renamePlaylist_playListRenamed1" time="3.021"/>
  <testcase classname="pageObjectTests.PlaylistTestA" name="playListTests_renamePlaylist_playListRenamed1A" time="3.164"/>
  <testcase classname="pageObjectTests.PlaylistTest" name="playListTests_createPlayList_playListCreated2" time="2.761"/>
  <testcase classname="pageObjectTests.PlaylistTestA" name="playListTests_createPlayList_playListCreated2A" time="2.759"/>
  <testcase classname="pageObjectTests.PlaylistTest" name="playListTests_renamePlaylist_playListRenamed2" time="2.968"/>
  <testcase classname="pageObjectTests.PlaylistTestA" name="playListTests_renamePlaylist_playListRenamed2A" time="2.998"/>
</testsuite> <!-- ALLTests -->
