<?xml version="1.0" encoding="UTF-8"?>
<!-- Generated by org.testng.reporters.JUnitXMLReporter -->
<testsuite ignored="3" hostname="Romans-MBP" failures="0" tests="21" name="ALLTests" time="31.279" errors="0" timestamp="11 Mar 2021 03:51:27 GMT">
  <testcase classname="pageObjectTests.LoginTestA" name="loginTest_WrongCredentials_redFrameA" time="2.322"/>
  <testcase classname="pageObjectTests.LoginTest" name="loginTest_CorrectCredentials_successfulLogin1" time="5.244"/>
  <testcase classname="pageObjectTests.PlaylistTest" name="playListTests_createPlayList_playListCreated" time="5.362"/>
  <testcase classname="pageObjectTests.PlaylistTestA" name="playListTests_createPlayList_playListCreatedA" time="5.382"/>
  <testcase classname="pageObjectTests.LoginTest" name="loginTest_WrongCredentials_redFrame1" time="1.495"/>
  <testcase classname="pageObjectTests.LoginTestA" name="loginTest_CorrectCredentials_successfulLogin1A" time="4.274"/>
  <testcase classname="pageObjectTests.LoginTestA" name="loginTest_WrongCredentials_redFrame1A" time="1.73"/>
  <testcase classname="pageObjectTests.PlaylistTestA" name="playListTests_renamePlaylist_playListRenamedA" time="4.955"/>
  <testcase classname="pageObjectTests.PlaylistTest" name="playListTests_renamePlaylist_playListRenamed" time="5.322"/>
  <testcase classname="pageObjectTests.LoginTest" name="loginTest_CorrectCredentials_successfulLogin2" time="4.959"/>
  <testcase classname="pageObjectTests.LoginTest" name="loginTest_WrongCredentials_redFrame2" time="1.584"/>
  <testcase classname="pageObjectTests.LoginTestA" name="loginTest_CorrectCredentials_successfulLogin2A" time="4.174"/>
  <testcase classname="pageObjectTests.PlaylistTestA" name="playListTests_createPlayList_playListCreated1A" time="4.388"/>
  <testcase classname="pageObjectTests.PlaylistTest" name="playListTests_createPlayList_playListCreated1" time="4.593"/>
  <testcase classname="pageObjectTests.LoginTestA" name="loginTest_WrongCredentials_redFrame2A" time="1.53"/>
  <testcase classname="pageObjectTests.PlaylistTest" name="playListTests_renamePlaylist_playListRenamed1" time="3.606"/>
  <testcase classname="pageObjectTests.PlaylistTestA" name="playListTests_renamePlaylist_playListRenamed1A" time="3.768"/>
  <testcase classname="pageObjectTests.PlaylistTestA" name="playListTests_createPlayList_playListCreated2A" time="2.899"/>
  <testcase classname="pageObjectTests.PlaylistTest" name="playListTests_createPlayList_playListCreated2" time="3.065"/>
  <testcase classname="pageObjectTests.PlaylistTestA" name="playListTests_renamePlaylist_playListRenamed2A" time="3.422"/>
  <testcase classname="pageObjectTests.PlaylistTest" name="playListTests_renamePlaylist_playListRenamed2" time="3.356"/>
  <testcase classname="pageObjectTests.LoginTest" name="loginTest_CorrectCredentials_successfulLogin" time="0.0">
    <ignored/>
  </testcase> <!-- loginTest_CorrectCredentials_successfulLogin -->
  <testcase classname="pageObjectTests.LoginTest" name="loginTest_WrongCredentials_redFrame" time="0.0">
    <ignored/>
  </testcase> <!-- loginTest_WrongCredentials_redFrame -->
  <testcase classname="pageObjectTests.LoginTestA" name="loginTest_CorrectCredentials_successfulLoginA" time="0.0">
    <ignored/>
  </testcase> <!-- loginTest_CorrectCredentials_successfulLoginA -->
</testsuite> <!-- ALLTests -->
